This file contains any messages produced by compilers while
running configure, to aid debugging if configure makes a mistake.

It was created by neural configure 0.1, which was
generated by GNU Autoconf 2.59.  Invocation command line was

  $ ./configure --prefix=/home/rpdaly/local/neural/0.1

## --------- ##
## Platform. ##
## --------- ##

hostname = localhost.localdomain
uname -m = x86_64
uname -r = 3.16.3-200.fc20.x86_64
uname -s = Linux
uname -v = #1 SMP Wed Sep 17 22:34:21 UTC 2014

/usr/bin/uname -p = x86_64
/bin/uname -X     = unknown

/bin/arch              = x86_64
/usr/bin/arch -k       = unknown
/usr/convex/getsysinfo = unknown
hostinfo               = unknown
/bin/machine           = unknown
/usr/bin/oslevel       = unknown
/bin/universe          = unknown

PATH: /usr/lib64/openmpi/bin
PATH: /home/rpdaly/bin
PATH: /usr/lib64/qt-3.3/bin
PATH: /usr/lib64/ccache
PATH: /usr/local/bin
PATH: /usr/bin
PATH: /bin
PATH: /usr/local/sbin
PATH: /usr/sbin


## ----------- ##
## Core tests. ##
## ----------- ##

configure:1367: checking for a BSD-compatible install
configure:1422: result: /usr/bin/install -c
configure:1433: checking whether build environment is sane
configure:1476: result: yes
configure:1541: checking for gawk
configure:1557: found /usr/bin/gawk
configure:1567: result: gawk
configure:1577: checking whether make sets $(MAKE)
configure:1597: result: yes
configure:1816: checking for gcc
configure:1832: found /usr/lib64/ccache/gcc
configure:1842: result: gcc
configure:2086: checking for C compiler version
configure:2089: gcc --version </dev/null >&5
gcc (GCC) 4.8.3 20140911 (Red Hat 4.8.3-7)
Copyright (C) 2013 Free Software Foundation, Inc.
This is free software; see the source for copying conditions.  There is NO
warranty; not even for MERCHANTABILITY or FITNESS FOR A PARTICULAR PURPOSE.

configure:2092: $? = 0
configure:2094: gcc -v </dev/null >&5
Using built-in specs.
COLLECT_GCC=/usr/bin/gcc
COLLECT_LTO_WRAPPER=/usr/libexec/gcc/x86_64-redhat-linux/4.8.3/lto-wrapper
Target: x86_64-redhat-linux
Configured with: ../configure --prefix=/usr --mandir=/usr/share/man --infodir=/usr/share/info --with-bugurl=http://bugzilla.redhat.com/bugzilla --enable-bootstrap --enable-shared --enable-threads=posix --enable-checking=release --with-system-zlib --enable-__cxa_atexit --disable-libunwind-exceptions --enable-gnu-unique-object --enable-linker-build-id --with-linker-hash-style=gnu --enable-languages=c,c++,objc,obj-c++,java,fortran,ada,go,lto --enable-plugin --enable-initfini-array --enable-java-awt=gtk --disable-dssi --with-java-home=/usr/lib/jvm/java-1.5.0-gcj-1.5.0.0/jre --enable-libgcj-multifile --enable-java-maintainer-mode --with-ecj-jar=/usr/share/java/eclipse-ecj.jar --disable-libjava-multilib --with-isl=/builddir/build/BUILD/gcc-4.8.3-20140911/obj-x86_64-redhat-linux/isl-install --with-cloog=/builddir/build/BUILD/gcc-4.8.3-20140911/obj-x86_64-redhat-linux/cloog-install --with-tune=generic --with-arch_32=i686 --build=x86_64-redhat-linux
Thread model: posix
gcc version 4.8.3 20140911 (Red Hat 4.8.3-7) (GCC) 
configure:2097: $? = 0
configure:2099: gcc -V </dev/null >&5
gcc: error: unrecognized command line option '-V'
gcc: fatal error: no input files
compilation terminated.
configure:2102: $? = 4
configure:2125: checking for C compiler default output file name
configure:2128: gcc    conftest.c  >&5
configure:2131: $? = 0
configure:2177: result: a.out
configure:2182: checking whether the C compiler works
configure:2188: ./a.out
configure:2191: $? = 0
configure:2208: result: yes
configure:2215: checking whether we are cross compiling
configure:2217: result: no
configure:2220: checking for suffix of executables
configure:2222: gcc -o conftest    conftest.c  >&5
configure:2225: $? = 0
configure:2250: result: 
configure:2256: checking for suffix of object files
configure:2277: gcc -c   conftest.c >&5
configure:2280: $? = 0
configure:2302: result: o
configure:2306: checking whether we are using the GNU C compiler
configure:2330: gcc -c   conftest.c >&5
configure:2336: $? = 0
configure:2340: test -z 
			 || test ! -s conftest.err
configure:2343: $? = 0
configure:2346: test -s conftest.o
configure:2349: $? = 0
configure:2362: result: yes
configure:2368: checking whether gcc accepts -g
configure:2389: gcc -c -g  conftest.c >&5
configure:2395: $? = 0
configure:2399: test -z 
			 || test ! -s conftest.err
configure:2402: $? = 0
configure:2405: test -s conftest.o
configure:2408: $? = 0
configure:2419: result: yes
configure:2436: checking for gcc option to accept ANSI C
configure:2506: gcc  -c -g -O2  conftest.c >&5
configure:2512: $? = 0
configure:2516: test -z 
			 || test ! -s conftest.err
configure:2519: $? = 0
configure:2522: test -s conftest.o
configure:2525: $? = 0
configure:2543: result: none needed
configure:2561: gcc -c -g -O2  conftest.c >&5
conftest.c:2:3: error: unknown type name 'choke'
   choke me
   ^
conftest.c:2:3: error: expected '=', ',', ';', 'asm' or '__attribute__' at end of input
configure:2567: $? = 1
configure: failed program was:
| #ifndef __cplusplus
|   choke me
| #endif
configure:2711: checking for style of include used by make
configure:2739: result: GNU
configure:2767: checking dependency style of gcc
configure:2857: result: gcc3
configure:2915: checking for ranlib
configure:2931: found /usr/bin/ranlib
configure:2942: result: ranlib
configure:2964: checking how to run the C preprocessor
configure:2999: gcc -E  conftest.c
configure:3005: $? = 0
configure:3037: gcc -E  conftest.c
conftest.c:11:28: fatal error: ac_nonexistent.h: No such file or directory
 #include <ac_nonexistent.h>
                            ^
compilation terminated.
configure:3043: $? = 1
configure: failed program was:
| /* confdefs.h.  */
| 
| #define PACKAGE_NAME "neural"
| #define PACKAGE_TARNAME "neural"
| #define PACKAGE_VERSION "0.1"
| #define PACKAGE_STRING "neural 0.1"
| #define PACKAGE_BUGREPORT "ryan-p-daly@uiowa.edu"
| #define PACKAGE "neural"
| #define VERSION "0.1"
| /* end confdefs.h.  */
| #include <ac_nonexistent.h>
configure:3082: result: gcc -E
configure:3106: gcc -E  conftest.c
configure:3112: $? = 0
configure:3144: gcc -E  conftest.c
conftest.c:11:28: fatal error: ac_nonexistent.h: No such file or directory
 #include <ac_nonexistent.h>
                            ^
compilation terminated.
configure:3150: $? = 1
configure: failed program was:
| /* confdefs.h.  */
| 
| #define PACKAGE_NAME "neural"
| #define PACKAGE_TARNAME "neural"
| #define PACKAGE_VERSION "0.1"
| #define PACKAGE_STRING "neural 0.1"
| #define PACKAGE_BUGREPORT "ryan-p-daly@uiowa.edu"
| #define PACKAGE "neural"
| #define VERSION "0.1"
| /* end confdefs.h.  */
| #include <ac_nonexistent.h>
configure:3194: checking for egrep
configure:3204: result: grep -E
configure:3209: checking for ANSI C header files
configure:3234: gcc -c -g -O2  conftest.c >&5
configure:3240: $? = 0
configure:3244: test -z 
			 || test ! -s conftest.err
configure:3247: $? = 0
configure:3250: test -s conftest.o
configure:3253: $? = 0
configure:3342: gcc -o conftest -g -O2   conftest.c  >&5
conftest.c: In function 'main':
conftest.c:28:7: warning: incompatible implicit declaration of built-in function 'exit' [enabled by default]
       exit(2);
       ^
configure:3345: $? = 0
configure:3347: ./conftest
configure:3350: $? = 0
configure:3365: result: yes
configure:3389: checking for sys/types.h
configure:3405: gcc -c -g -O2  conftest.c >&5
configure:3411: $? = 0
configure:3415: test -z 
			 || test ! -s conftest.err
configure:3418: $? = 0
configure:3421: test -s conftest.o
configure:3424: $? = 0
configure:3435: result: yes
configure:3389: checking for sys/stat.h
configure:3405: gcc -c -g -O2  conftest.c >&5
configure:3411: $? = 0
configure:3415: test -z 
			 || test ! -s conftest.err
configure:3418: $? = 0
configure:3421: test -s conftest.o
configure:3424: $? = 0
configure:3435: result: yes
configure:3389: checking for stdlib.h
configure:3405: gcc -c -g -O2  conftest.c >&5
configure:3411: $? = 0
configure:3415: test -z 
			 || test ! -s conftest.err
configure:3418: $? = 0
configure:3421: test -s conftest.o
configure:3424: $? = 0
configure:3435: result: yes
configure:3389: checking for string.h
configure:3405: gcc -c -g -O2  conftest.c >&5
configure:3411: $? = 0
configure:3415: test -z 
			 || test ! -s conftest.err
configure:3418: $? = 0
configure:3421: test -s conftest.o
configure:3424: $? = 0
configure:3435: result: yes
configure:3389: checking for memory.h
configure:3405: gcc -c -g -O2  conftest.c >&5
configure:3411: $? = 0
configure:3415: test -z 
			 || test ! -s conftest.err
configure:3418: $? = 0
configure:3421: test -s conftest.o
configure:3424: $? = 0
configure:3435: result: yes
configure:3389: checking for strings.h
configure:3405: gcc -c -g -O2  conftest.c >&5
configure:3411: $? = 0
configure:3415: test -z 
			 || test ! -s conftest.err
configure:3418: $? = 0
configure:3421: test -s conftest.o
configure:3424: $? = 0
configure:3435: result: yes
configure:3389: checking for inttypes.h
configure:3405: gcc -c -g -O2  conftest.c >&5
configure:3411: $? = 0
configure:3415: test -z 
			 || test ! -s conftest.err
configure:3418: $? = 0
configure:3421: test -s conftest.o
configure:3424: $? = 0
configure:3435: result: yes
configure:3389: checking for stdint.h
configure:3405: gcc -c -g -O2  conftest.c >&5
configure:3411: $? = 0
configure:3415: test -z 
			 || test ! -s conftest.err
configure:3418: $? = 0
configure:3421: test -s conftest.o
configure:3424: $? = 0
configure:3435: result: yes
configure:3389: checking for unistd.h
configure:3405: gcc -c -g -O2  conftest.c >&5
configure:3411: $? = 0
configure:3415: test -z 
			 || test ! -s conftest.err
configure:3418: $? = 0
configure:3421: test -s conftest.o
configure:3424: $? = 0
configure:3435: result: yes
configure:3452: checking for stdlib.h
configure:3457: result: yes
configure:3599: checking for size_t
configure:3623: gcc -c -g -O2  conftest.c >&5
configure:3629: $? = 0
configure:3633: test -z 
			 || test ! -s conftest.err
configure:3636: $? = 0
configure:3639: test -s conftest.o
configure:3642: $? = 0
configure:3653: result: yes
configure:3672: checking for stdlib.h
configure:3677: result: yes
configure:3817: checking for GNU libc compatible malloc
configure:3846: gcc -o conftest -g -O2   conftest.c  >&5
configure:3849: $? = 0
configure:3851: ./conftest
configure:3854: $? = 0
configure:3868: result: yes
configure:3947: checking for pkg-config
configure:3965: found /usr/bin/pkg-config
configure:3977: result: /usr/bin/pkg-config
configure:3992: checking pkg-config is at least version 0.9.0
configure:3995: result: yes
configure:4006: checking for util
configure:4014: $PKG_CONFIG --exists --print-errors "util "
configure:4017: $? = 0
configure:4032: $PKG_CONFIG --exists --print-errors "util "
configure:4035: $? = 0
configure:4111: result: yes
configure:4227: creating ./config.status

## ---------------------- ##
## Running config.status. ##
## ---------------------- ##

This file was extended by neural config.status 0.1, which was
generated by GNU Autoconf 2.59.  Invocation command line was

  CONFIG_FILES    = 
  CONFIG_HEADERS  = 
  CONFIG_LINKS    = 
  CONFIG_COMMANDS = 
  $ ./config.status 

on localhost.localdomain

config.status:696: creating Makefile
config.status:696: creating neural.pc
config.status:800: creating config.h
config.status:910: config.h is unchanged
config.status:1090: executing depfiles commands

## ---------------- ##
## Cache variables. ##
## ---------------- ##

ac_cv_c_compiler_gnu=yes
ac_cv_env_CC_set=
ac_cv_env_CC_value=
ac_cv_env_CFLAGS_set=
ac_cv_env_CFLAGS_value=
ac_cv_env_CPPFLAGS_set=
ac_cv_env_CPPFLAGS_value=
ac_cv_env_CPP_set=
ac_cv_env_CPP_value=
ac_cv_env_LDFLAGS_set=
ac_cv_env_LDFLAGS_value=
ac_cv_env_PKG_CONFIG_set=
ac_cv_env_PKG_CONFIG_value=
ac_cv_env_build_alias_set=
ac_cv_env_build_alias_value=
ac_cv_env_host_alias_set=
ac_cv_env_host_alias_value=
ac_cv_env_target_alias_set=
ac_cv_env_target_alias_value=
ac_cv_env_util_CFLAGS_set=
ac_cv_env_util_CFLAGS_value=
ac_cv_env_util_LIBS_set=
ac_cv_env_util_LIBS_value=
ac_cv_exeext=
ac_cv_func_malloc_0_nonnull=yes
ac_cv_header_inttypes_h=yes
ac_cv_header_memory_h=yes
ac_cv_header_stdc=yes
ac_cv_header_stdint_h=yes
ac_cv_header_stdlib_h=yes
ac_cv_header_string_h=yes
ac_cv_header_strings_h=yes
ac_cv_header_sys_stat_h=yes
ac_cv_header_sys_types_h=yes
ac_cv_header_unistd_h=yes
ac_cv_objext=o
ac_cv_path_ac_pt_PKG_CONFIG=/usr/bin/pkg-config
ac_cv_path_install='/usr/bin/install -c'
ac_cv_prog_AWK=gawk
ac_cv_prog_CPP='gcc -E'
ac_cv_prog_ac_ct_CC=gcc
ac_cv_prog_ac_ct_RANLIB=ranlib
ac_cv_prog_cc_g=yes
ac_cv_prog_cc_stdc=
ac_cv_prog_egrep='grep -E'
ac_cv_prog_make_make_set=yes
ac_cv_type_size_t=yes
am_cv_CC_dependencies_compiler_type=gcc3
pkg_cv_util_CFLAGS='-I/home/rpdaly/local/util/0.1/include '
pkg_cv_util_LIBS='-L/home/rpdaly/local/util/0.1/lib -lm -lutil '

## ----------------- ##
## Output variables. ##
## ----------------- ##

ACLOCAL='${SHELL} /home/rpdaly/src/neural-0.1/missing --run aclocal-1.9'
AMDEPBACKSLASH='\'
AMDEP_FALSE='#'
AMDEP_TRUE=''
AMTAR='${SHELL} /home/rpdaly/src/neural-0.1/missing --run tar'
AUTOCONF='${SHELL} /home/rpdaly/src/neural-0.1/missing --run autoconf'
AUTOHEADER='${SHELL} /home/rpdaly/src/neural-0.1/missing --run autoheader'
AUTOMAKE='${SHELL} /home/rpdaly/src/neural-0.1/missing --run automake-1.9'
AWK='gawk'
CC='gcc'
CCDEPMODE='depmode=gcc3'
CFLAGS='-g -O2'
CPP='gcc -E'
CPPFLAGS=''
CYGPATH_W='echo'
DEFS='-DHAVE_CONFIG_H'
DEPDIR='.deps'
ECHO_C=''
ECHO_N='-n'
ECHO_T=''
EGREP='grep -E'
EXEEXT=''
INSTALL_DATA='${INSTALL} -m 644'
INSTALL_PROGRAM='${INSTALL}'
INSTALL_SCRIPT='${INSTALL}'
INSTALL_STRIP_PROGRAM='${SHELL} $(install_sh) -c -s'
LDFLAGS=''
LIBOBJS=''
LIBS=''
LTLIBOBJS=''
MAKEINFO='${SHELL} /home/rpdaly/src/neural-0.1/missing --run makeinfo'
OBJEXT='o'
PACKAGE='neural'
PACKAGE_BUGREPORT='ryan-p-daly@uiowa.edu'
PACKAGE_NAME='neural'
PACKAGE_STRING='neural 0.1'
PACKAGE_TARNAME='neural'
PACKAGE_VERSION='0.1'
PATH_SEPARATOR=':'
PKG_CONFIG='/usr/bin/pkg-config'
RANLIB='ranlib'
SET_MAKE=''
SHELL='/bin/sh'
STRIP=''
VERSION='0.1'
ac_ct_CC='gcc'
ac_ct_RANLIB='ranlib'
ac_ct_STRIP=''
ac_pt_PKG_CONFIG='/usr/bin/pkg-config'
am__fastdepCC_FALSE='#'
am__fastdepCC_TRUE=''
am__include='include'
am__leading_dot='.'
am__quote=''
am__tar='${AMTAR} chof - "$$tardir"'
am__untar='${AMTAR} xf -'
bindir='${exec_prefix}/bin'
build_alias=''
datadir='${prefix}/share'
exec_prefix='${prefix}'
host_alias=''
includedir='${prefix}/include'
infodir='${prefix}/info'
install_sh='/home/rpdaly/src/neural-0.1/install-sh'
libdir='${exec_prefix}/lib'
libexecdir='${exec_prefix}/libexec'
localstatedir='${prefix}/var'
mandir='${prefix}/man'
mkdir_p='mkdir -p --'
oldincludedir='/usr/include'
prefix='/home/rpdaly/local/neural/0.1'
program_transform_name='s,x,x,'
sbindir='${exec_prefix}/sbin'
sharedstatedir='${prefix}/com'
sysconfdir='${prefix}/etc'
target_alias=''
util_CFLAGS='-I/home/rpdaly/local/util/0.1/include '
util_LIBS='-L/home/rpdaly/local/util/0.1/lib -lm -lutil '

## ----------- ##
## confdefs.h. ##
## ----------- ##

#define HAVE_INTTYPES_H 1
#define HAVE_MALLOC 1
#define HAVE_MEMORY_H 1
#define HAVE_STDINT_H 1
#define HAVE_STDLIB_H 1
#define HAVE_STDLIB_H 1
#define HAVE_STDLIB_H 1
#define HAVE_STRINGS_H 1
#define HAVE_STRING_H 1
#define HAVE_SYS_STAT_H 1
#define HAVE_SYS_TYPES_H 1
#define HAVE_UNISTD_H 1
#define PACKAGE "neural"
#define PACKAGE_BUGREPORT "ryan-p-daly@uiowa.edu"
#define PACKAGE_NAME "neural"
#define PACKAGE_STRING "neural 0.1"
#define PACKAGE_TARNAME "neural"
#define PACKAGE_VERSION "0.1"
#define STDC_HEADERS 1
#define VERSION "0.1"

configure: exit 0
